2026-05-19 23:13:46,477 [INFO] inventory: 迁移: project_incomes 表添加 uq_income_source 唯一索引
2026-05-19 23:13:46,478 [INFO] inventory: 迁移: projects 表添加 uq_projects_account_name 唯一索引
2026-05-19 23:13:46,478 [INFO] inventory: 迁移: 旧数据回填已跳过（废弃）
2026-05-19 23:13:46,480 [INFO] inventory: Float→Numeric 迁移: 已完成，跳过
2026-05-19 23:13:46,518 [INFO] inventory: 进销存管理系统启动完成
2026-05-19 23:40:36,751 [INFO] inventory: 迁移: project_incomes 表添加 uq_income_source 唯一索引
2026-05-19 23:40:36,752 [INFO] inventory: 迁移: projects 表添加 uq_projects_account_name 唯一索引
2026-05-19 23:40:36,753 [INFO] inventory: 迁移: 旧数据回填已跳过（废弃）
2026-05-19 23:40:36,755 [INFO] inventory: Float→Numeric 迁移: 已完成，跳过
2026-05-19 23:40:36,796 [INFO] inventory: 进销存管理系统启动完成
2026-05-19 23:41:01,214 [INFO] inventory: [Confirm] AI危险操作已拦截: DELETE /api/products/999 → token=fdce7880a78b4040
2026-06-02 08:44:24,810 [INFO] inventory: 迁移: project_incomes 表添加 uq_income_source 唯一索引
2026-06-02 08:44:24,811 [INFO] inventory: 迁移: projects 表添加 uq_projects_account_name 唯一索引
2026-06-02 08:44:24,811 [INFO] inventory: 迁移: 旧数据回填已跳过（废弃）
2026-06-02 08:44:24,814 [INFO] inventory: Float→Numeric 迁移: 已完成，跳过
2026-06-02 08:44:24,817 [INFO] inventory: 进销存管理系统启动完成
2026-06-02 08:44:24,838 [INFO] httpx: HTTP Request: POST http://testserver/api/products "HTTP/1.1 200 OK"
2026-06-02 08:44:24,851 [INFO] httpx: HTTP Request: PUT http://testserver/api/products/31 "HTTP/1.1 200 OK"
2026-06-02 08:46:24,685 [INFO] inventory: 迁移: project_incomes 表添加 uq_income_source 唯一索引
2026-06-02 08:46:24,685 [INFO] inventory: 迁移: projects 表添加 uq_projects_account_name 唯一索引
2026-06-02 08:46:24,686 [INFO] inventory: 迁移: 旧数据回填已跳过（废弃）
2026-06-02 08:46:24,688 [INFO] inventory: Float→Numeric 迁移: 已完成，跳过
2026-06-02 08:46:24,690 [INFO] inventory: 进销存管理系统启动完成
2026-06-02 08:46:24,711 [INFO] httpx: HTTP Request: POST http://testserver/api/products "HTTP/1.1 200 OK"
2026-06-02 08:46:24,724 [INFO] httpx: HTTP Request: PUT http://testserver/api/products/34 "HTTP/1.1 200 OK"
2026-06-02 09:02:43,244 [INFO] inventory: 迁移: project_incomes 表添加 uq_income_source 唯一索引
2026-06-02 09:02:43,245 [INFO] inventory: 迁移: projects 表添加 uq_projects_account_name 唯一索引
2026-06-02 09:02:43,245 [INFO] inventory: 迁移: 旧数据回填已跳过（废弃）
2026-06-02 09:02:43,247 [INFO] inventory: Float→Numeric 迁移: 已完成，跳过
2026-06-02 09:02:43,283 [INFO] inventory: 进销存管理系统启动完成
2026-06-02 09:03:01,564 [INFO] inventory: [EventBus] sale_order.deleted | handlers=1 | 0.7ms
2026-06-02 09:03:01,582 [WARNING] inventory: [Invariant] sale_order.deleted 违规 12 项: [{'invariant': 'III', 'type': 'income_mismatch', 'detail': '项目ID=5 stored_total_income=20000.00 != calc=0.00'}, {'invariant': 'III', 'type': 'profit_mismatch', 'detail': '项目ID=5 stored_profit=20000.00 != calc=0.00'}, {'invariant': 'III', 'type': 'income_mismatch', 'detail': '项目ID=6 stored_total_income=20000.00 != calc=0.00'}]
2026-06-02 09:03:24,958 [INFO] inventory: [EventBus] sale_order.deleted | handlers=1 | 5.2ms
2026-06-02 09:03:24,972 [WARNING] inventory: [Invariant] sale_order.deleted 违规 12 项: [{'invariant': 'III', 'type': 'income_mismatch', 'detail': '项目ID=5 stored_total_income=20000.00 != calc=0.00'}, {'invariant': 'III', 'type': 'profit_mismatch', 'detail': '项目ID=5 stored_profit=20000.00 != calc=0.00'}, {'invariant': 'III', 'type': 'income_mismatch', 'detail': '项目ID=6 stored_total_income=20000.00 != calc=0.00'}]
2026-06-02 09:10:34,464 [INFO] inventory: [EventBus] sale_order.deleted | handlers=1 | 41.8ms
2026-06-02 09:10:34,481 [WARNING] inventory: [Invariant] sale_order.deleted 违规 14 项: [{'invariant': 'III', 'type': 'income_mismatch', 'detail': '项目ID=5 stored_total_income=20000.00 != calc=0.00'}, {'invariant': 'III', 'type': 'profit_mismatch', 'detail': '项目ID=5 stored_profit=20000.00 != calc=0.00'}, {'invariant': 'III', 'type': 'income_mismatch', 'detail': '项目ID=6 stored_total_income=20000.00 != calc=0.00'}]
2026-06-02 09:11:06,992 [INFO] inventory: [EventBus] sale_order.deleted | handlers=1 | 1.6ms
2026-06-02 09:11:07,007 [WARNING] inventory: [Invariant] sale_order.deleted 违规 14 项: [{'invariant': 'III', 'type': 'income_mismatch', 'detail': '项目ID=5 stored_total_income=20000.00 != calc=0.00'}, {'invariant': 'III', 'type': 'profit_mismatch', 'detail': '项目ID=5 stored_profit=20000.00 != calc=0.00'}, {'invariant': 'III', 'type': 'income_mismatch', 'detail': '项目ID=6 stored_total_income=20000.00 != calc=0.00'}]
2026-06-02 09:11:23,292 [INFO] inventory: [EventBus] sale_order.deleted | handlers=1 | 0.5ms
2026-06-02 09:11:23,307 [WARNING] inventory: [Invariant] sale_order.deleted 违规 14 项: [{'invariant': 'III', 'type': 'income_mismatch', 'detail': '项目ID=5 stored_total_income=20000.00 != calc=0.00'}, {'invariant': 'III', 'type': 'profit_mismatch', 'detail': '项目ID=5 stored_profit=20000.00 != calc=0.00'}, {'invariant': 'III', 'type': 'income_mismatch', 'detail': '项目ID=6 stored_total_income=20000.00 != calc=0.00'}]
2026-06-02 09:11:26,768 [INFO] inventory: [EventBus] sale_order.deleted | handlers=1 | 42.0ms
2026-06-02 09:11:26,782 [WARNING] inventory: [Invariant] sale_order.deleted 违规 14 项: [{'invariant': 'III', 'type': 'income_mismatch', 'detail': '项目ID=5 stored_total_income=20000.00 != calc=0.00'}, {'invariant': 'III', 'type': 'profit_mismatch', 'detail': '项目ID=5 stored_profit=20000.00 != calc=0.00'}, {'invariant': 'III', 'type': 'income_mismatch', 'detail': '项目ID=6 stored_total_income=20000.00 != calc=0.00'}]
2026-06-02 09:16:20,139 [INFO] inventory: [EventBus] sale_order.deleted | handlers=1 | 0.5ms
2026-06-02 09:16:20,157 [WARNING] inventory: [Invariant] sale_order.deleted 违规 14 项: [{'invariant': 'III', 'type': 'income_mismatch', 'detail': '项目ID=5 stored_total_income=20000.00 != calc=0.00'}, {'invariant': 'III', 'type': 'profit_mismatch', 'detail': '项目ID=5 stored_profit=20000.00 != calc=0.00'}, {'invariant': 'III', 'type': 'income_mismatch', 'detail': '项目ID=6 stored_total_income=20000.00 != calc=0.00'}]
2026-06-02 09:16:24,423 [INFO] inventory: 迁移: project_incomes 表添加 uq_income_source 唯一索引
2026-06-02 09:16:24,424 [INFO] inventory: 迁移: projects 表添加 uq_projects_account_name 唯一索引
2026-06-02 09:16:24,424 [INFO] inventory: 迁移: 旧数据回填已跳过（废弃）
2026-06-02 09:16:24,426 [INFO] inventory: Float→Numeric 迁移: 已完成，跳过
2026-06-02 09:16:24,429 [INFO] inventory: 进销存管理系统启动完成
2026-06-02 09:16:24,461 [INFO] httpx: HTTP Request: POST http://testserver/api/customers "HTTP/1.1 200 OK"
2026-06-02 09:16:24,486 [INFO] httpx: HTTP Request: DELETE http://testserver/api/customers/25 "HTTP/1.1 200 OK"
2026-06-02 09:33:10,238 [INFO] inventory: 迁移: project_incomes 表添加 uq_income_source 唯一索引
2026-06-02 09:33:10,240 [INFO] inventory: 迁移: projects 表添加 uq_projects_account_name 唯一索引
2026-06-02 09:33:10,240 [INFO] inventory: 迁移: 旧数据回填已跳过（废弃）
2026-06-02 09:33:10,244 [INFO] inventory: Float→Numeric 迁移: 已完成，跳过
2026-06-02 09:33:10,288 [INFO] inventory: 进销存管理系统启动完成
2026-06-02 09:36:04,003 [INFO] inventory: 迁移: project_incomes 表添加 uq_income_source 唯一索引
2026-06-02 09:36:04,004 [INFO] inventory: 迁移: projects 表添加 uq_projects_account_name 唯一索引
2026-06-02 09:36:04,047 [INFO] inventory: 迁移: 旧数据回填已跳过（废弃）
2026-06-02 09:36:04,050 [INFO] inventory: Float→Numeric 迁移: 已完成，跳过
2026-06-02 09:36:04,092 [INFO] inventory: 进销存管理系统启动完成
2026-06-02 09:36:20,752 [INFO] inventory: [EventBus] sale_order.deleted | handlers=1 | 43.6ms
2026-06-02 09:36:20,772 [WARNING] inventory: [Invariant] sale_order.deleted 违规 16 项: [{'invariant': 'III', 'type': 'income_mismatch', 'detail': '项目ID=5 stored_total_income=20000.00 != calc=0.00'}, {'invariant': 'III', 'type': 'profit_mismatch', 'detail': '项目ID=5 stored_profit=20000.00 != calc=0.00'}, {'invariant': 'III', 'type': 'income_mismatch', 'detail': '项目ID=6 stored_total_income=20000.00 != calc=0.00'}]
2026-06-02 09:36:39,090 [INFO] inventory: [EventBus] sale_order.deleted | handlers=1 | 2.0ms
2026-06-02 09:36:39,108 [WARNING] inventory: [Invariant] sale_order.deleted 违规 16 项: [{'invariant': 'III', 'type': 'income_mismatch', 'detail': '项目ID=5 stored_total_income=20000.00 != calc=0.00'}, {'invariant': 'III', 'type': 'profit_mismatch', 'detail': '项目ID=5 stored_profit=20000.00 != calc=0.00'}, {'invariant': 'III', 'type': 'income_mismatch', 'detail': '项目ID=6 stored_total_income=20000.00 != calc=0.00'}]
2026-06-02 09:36:43,042 [INFO] inventory: [EventBus] sale_order.deleted | handlers=1 | 42.1ms
2026-06-02 09:36:43,057 [WARNING] inventory: [Invariant] sale_order.deleted 违规 16 项: [{'invariant': 'III', 'type': 'income_mismatch', 'detail': '项目ID=5 stored_total_income=20000.00 != calc=0.00'}, {'invariant': 'III', 'type': 'profit_mismatch', 'detail': '项目ID=5 stored_profit=20000.00 != calc=0.00'}, {'invariant': 'III', 'type': 'income_mismatch', 'detail': '项目ID=6 stored_total_income=20000.00 != calc=0.00'}]
2026-06-02 09:36:46,316 [INFO] inventory: [EventBus] sale_order.deleted | handlers=1 | 41.8ms
2026-06-02 09:36:46,330 [WARNING] inventory: [Invariant] sale_order.deleted 违规 16 项: [{'invariant': 'III', 'type': 'income_mismatch', 'detail': '项目ID=5 stored_total_income=20000.00 != calc=0.00'}, {'invariant': 'III', 'type': 'profit_mismatch', 'detail': '项目ID=5 stored_profit=20000.00 != calc=0.00'}, {'invariant': 'III', 'type': 'income_mismatch', 'detail': '项目ID=6 stored_total_income=20000.00 != calc=0.00'}]
